Performing C SOURCE FILE Test CMAKE_HAVE_LIBC_PTHREAD failed with the following output:
Change Dir: /home/xzy/G/DeepLearning/Gitee/TensorRT/CPP/TensorRT/einsum/build/CMakeFiles/CMakeTmp

Run Build Command(s):/usr/bin/make -f Makefile cmTC_1aa75/fast && /usr/bin/make  -f CMakeFiles/cmTC_1aa75.dir/build.make CMakeFiles/cmTC_1aa75.dir/build
make[1]: 进入目录“/home/xzy/G/DeepLearning/Gitee/TensorRT/CPP/TensorRT/einsum/build/CMakeFiles/CMakeTmp”
Building C object CMakeFiles/cmTC_1aa75.dir/src.c.o
/bin/x86_64-linux-gnu-gcc-7 -DCMAKE_HAVE_LIBC_PTHREAD  -fPIC  -o CMakeFiles/cmTC_1aa75.dir/src.c.o -c /home/xzy/G/DeepLearning/Gitee/TensorRT/CPP/TensorRT/einsum/build/CMakeFiles/CMakeTmp/src.c
Linking C executable cmTC_1aa75
/snap/cmake/888/bin/cmake -E cmake_link_script CMakeFiles/cmTC_1aa75.dir/link.txt --verbose=1
/bin/x86_64-linux-gnu-gcc-7 -fPIC  CMakeFiles/cmTC_1aa75.dir/src.c.o -o cmTC_1aa75 
/usr/bin/ld: CMakeFiles/cmTC_1aa75.dir/src.c.o: in function `main':
src.c:(.text+0x3e): undefined reference to `pthread_create'
/usr/bin/ld: src.c:(.text+0x4a): undefined reference to `pthread_detach'
/usr/bin/ld: src.c:(.text+0x56): undefined reference to `pthread_cancel'
/usr/bin/ld: src.c:(.text+0x67): undefined reference to `pthread_join'
collect2: error: ld returned 1 exit status
make[1]: *** [CMakeFiles/cmTC_1aa75.dir/build.make:99：cmTC_1aa75] 错误 1
make[1]: 离开目录“/home/xzy/G/DeepLearning/Gitee/TensorRT/CPP/TensorRT/einsum/build/CMakeFiles/CMakeTmp”
make: *** [Makefile:127：cmTC_1aa75/fast] 错误 2


Source file was:
#include <pthread.h>

static void* test_func(void* data)
{
  return data;
}

int main(void)
{
  pthread_t thread;
  pthread_create(&thread, NULL, test_func, NULL);
  pthread_detach(thread);
  pthread_cancel(thread);
  pthread_join(thread, NULL);
  pthread_atfork(NULL, NULL, NULL);
  pthread_exit(NULL);

  return 0;
}

Determining if the function pthread_create exists in the pthreads failed with the following output:
Change Dir: /home/xzy/G/DeepLearning/Gitee/TensorRT/CPP/TensorRT/einsum/build/CMakeFiles/CMakeTmp

Run Build Command(s):/usr/bin/make -f Makefile cmTC_2b59d/fast && /usr/bin/make  -f CMakeFiles/cmTC_2b59d.dir/build.make CMakeFiles/cmTC_2b59d.dir/build
make[1]: 进入目录“/home/xzy/G/DeepLearning/Gitee/TensorRT/CPP/TensorRT/einsum/build/CMakeFiles/CMakeTmp”
Building C object CMakeFiles/cmTC_2b59d.dir/CheckFunctionExists.c.o
/bin/x86_64-linux-gnu-gcc-7   -fPIC -DCHECK_FUNCTION_EXISTS=pthread_create -o CMakeFiles/cmTC_2b59d.dir/CheckFunctionExists.c.o -c /snap/cmake/888/share/cmake-3.20/Modules/CheckFunctionExists.c
Linking C executable cmTC_2b59d
/snap/cmake/888/bin/cmake -E cmake_link_script CMakeFiles/cmTC_2b59d.dir/link.txt --verbose=1
/bin/x86_64-linux-gnu-gcc-7 -fPIC -DCHECK_FUNCTION_EXISTS=pthread_create CMakeFiles/cmTC_2b59d.dir/CheckFunctionExists.c.o -o cmTC_2b59d  -lpthreads 
/usr/bin/ld: 找不到 -lpthreads
collect2: error: ld returned 1 exit status
make[1]: *** [CMakeFiles/cmTC_2b59d.dir/build.make:99：cmTC_2b59d] 错误 1
make[1]: 离开目录“/home/xzy/G/DeepLearning/Gitee/TensorRT/CPP/TensorRT/einsum/build/CMakeFiles/CMakeTmp”
make: *** [Makefile:127：cmTC_2b59d/fast] 错误 2



